<?xml version="1.0" encoding="UTF-8"?>
<!-- Generated by org.testng.reporters.JUnitXMLReporter -->
<testsuite ignored="0" hostname="Durag" failures="2" tests="2" name="Test" time="0.213" errors="0" timestamp="2024-06-24T14:52:02 IST">
  <testcase classname="com.w2a.testcases.BankManagerLogintest" name="loginasbank" time="0.115">
    <failure type="java.lang.IllegalArgumentException" message="Cannot find elements when the XPath is null.">
      <![CDATA[java.lang.IllegalArgumentException: Cannot find elements when the XPath is null.
at org.openqa.selenium.internal.Require$ArgumentChecker.nonNull(Require.java:207)
at org.openqa.selenium.By$ByXPath.<init>(By.java:286)
at org.openqa.selenium.By.xpath(By.java:89)
at com.w2a.testcases.BankManagerLogintest.loginasbank(BankManagerLogintest.java:16)
at java.base/java.util.ArrayList.forEach(ArrayList.java:1511)
... Removed 27 stack frames]]>
    </failure>
  </testcase> <!-- loginasbank -->
  <testcase classname="com.w2a.testcases.BankManagerLogintest" name="loginasbank" time="0.133">
    <failure type="java.lang.Error" message="Unresolved compilation problem: 
">
      <![CDATA[java.lang.Error: Unresolved compilation problem: 

at com.w2a.utilities.Testutil.captureScreenshot(Testutil.java:23)
at com.w2a.listeners.CustomListerners.onTestFailure(CustomListerners.java:37)
at java.base/java.util.ArrayList.forEach(ArrayList.java:1511)
... Removed 24 stack frames]]>
    </failure>
  </testcase> <!-- loginasbank -->
</testsuite> <!-- Test -->
